{"/workspaces/basicActionsPrueba/students/s-JuanPabloR/src/level1.js": {"path":"/workspaces/basicActionsPrueba/students/s-JuanPabloR/src/level1.js","statementMap":{"0":{"start":{"line":5,"column":2},"end":{"line":7,"column":3}},"1":{"start":{"line":6,"column":4},"end":{"line":6,"column":14}},"2":{"start":{"line":8,"column":18},"end":{"line":8,"column":20}},"3":{"start":{"line":9,"column":2},"end":{"line":11,"column":3}},"4":{"start":{"line":9,"column":15},"end":{"line":9,"column":31}},"5":{"start":{"line":10,"column":4},"end":{"line":10,"column":26}},"6":{"start":{"line":12,"column":2},"end":{"line":12,"column":19}},"7":{"start":{"line":19,"column":2},"end":{"line":21,"column":3}},"8":{"start":{"line":20,"column":4},"end":{"line":20,"column":13}},"9":{"start":{"line":22,"column":13},"end":{"line":22,"column":14}},"10":{"start":{"line":23,"column":2},"end":{"line":25,"column":3}},"11":{"start":{"line":23,"column":15},"end":{"line":23,"column":16}},"12":{"start":{"line":24,"column":4},"end":{"line":24,"column":23}},"13":{"start":{"line":26,"column":2},"end":{"line":26,"column":31}},"14":{"start":{"line":33,"column":2},"end":{"line":35,"column":3}},"15":{"start":{"line":34,"column":4},"end":{"line":34,"column":13}},"16":{"start":{"line":36,"column":19},"end":{"line":36,"column":44}},"17":{"start":{"line":37,"column":2},"end":{"line":37,"column":25}},"18":{"start":{"line":40,"column":0},"end":{"line":44,"column":2}}},"fnMap":{"0":{"name":"invertirString","decl":{"start":{"line":4,"column":9},"end":{"line":4,"column":23}},"loc":{"start":{"line":4,"column":31},"end":{"line":13,"column":1}},"line":4},"1":{"name":"calcularPromedio","decl":{"start":{"line":18,"column":9},"end":{"line":18,"column":25}},"loc":{"start":{"line":18,"column":35},"end":{"line":27,"column":1}},"line":18},"2":{"name":"contarPalabras","decl":{"start":{"line":32,"column":9},"end":{"line":32,"column":23}},"loc":{"start":{"line":32,"column":31},"end":{"line":38,"column":1}},"line":32}},"branchMap":{"0":{"loc":{"start":{"line":5,"column":2},"end":{"line":7,"column":3}},"type":"if","locations":[{"start":{"line":5,"column":2},"end":{"line":7,"column":3}},{"start":{},"end":{}}],"line":5},"1":{"loc":{"start":{"line":19,"column":2},"end":{"line":21,"column":3}},"type":"if","locations":[{"start":{"line":19,"column":2},"end":{"line":21,"column":3}},{"start":{},"end":{}}],"line":19},"2":{"loc":{"start":{"line":19,"column":6},"end":{"line":19,"column":53}},"type":"binary-expr","locations":[{"start":{"line":19,"column":6},"end":{"line":19,"column":29}},{"start":{"line":19,"column":33},"end":{"line":19,"column":53}}],"line":19},"3":{"loc":{"start":{"line":33,"column":2},"end":{"line":35,"column":3}},"type":"if","locations":[{"start":{"line":33,"column":2},"end":{"line":35,"column":3}},{"start":{},"end":{}}],"line":33},"4":{"loc":{"start":{"line":33,"column":6},"end":{"line":33,"column":54}},"type":"binary-expr","locations":[{"start":{"line":33,"column":6},"end":{"line":33,"column":31}},{"start":{"line":33,"column":35},"end":{"line":33,"column":54}}],"line":33}},"s":{"0":6,"1":2,"2":4,"3":4,"4":4,"5":19,"6":4,"7":6,"8":3,"9":3,"10":3,"11":3,"12":9,"13":3,"14":6,"15":3,"16":3,"17":3,"18":1},"f":{"0":6,"1":6,"2":6},"b":{"0":[2,4],"1":[3,3],"2":[6,4],"3":[3,3],"4":[6,5]},"_coverageSchema":"1a1c01bbd47fc00a2c39e90264f33305004495a9","hash":"16221e18dc7d97323164028532a1b61f1db36d0a"}
,"/workspaces/basicActionsPrueba/students/s-JuanPabloR/src/level2.js": {"path":"/workspaces/basicActionsPrueba/students/s-JuanPabloR/src/level2.js","statementMap":{"0":{"start":{"line":5,"column":2},"end":{"line":7,"column":3}},"1":{"start":{"line":6,"column":4},"end":{"line":6,"column":13}},"2":{"start":{"line":9,"column":18},"end":{"line":15,"column":3}},"3":{"start":{"line":17,"column":18},"end":{"line":17,"column":19}},"4":{"start":{"line":18,"column":17},"end":{"line":18,"column":18}},"5":{"start":{"line":20,"column":2},"end":{"line":32,"column":3}},"6":{"start":{"line":20,"column":15},"end":{"line":20,"column":32}},"7":{"start":{"line":21,"column":18},"end":{"line":21,"column":36}},"8":{"start":{"line":22,"column":4},"end":{"line":24,"column":5}},"9":{"start":{"line":23,"column":6},"end":{"line":23,"column":15}},"10":{"start":{"line":26,"column":4},"end":{"line":30,"column":5}},"11":{"start":{"line":27,"column":6},"end":{"line":27,"column":25}},"12":{"start":{"line":29,"column":6},"end":{"line":29,"column":25}},"13":{"start":{"line":31,"column":4},"end":{"line":31,"column":21}},"14":{"start":{"line":34,"column":2},"end":{"line":34,"column":19}},"15":{"start":{"line":41,"column":2},"end":{"line":43,"column":3}},"16":{"start":{"line":42,"column":4},"end":{"line":42,"column":14}},"17":{"start":{"line":45,"column":17},"end":{"line":45,"column":19}},"18":{"start":{"line":47,"column":2},"end":{"line":60,"column":3}},"19":{"start":{"line":47,"column":17},"end":{"line":47,"column":18}},"20":{"start":{"line":48,"column":18},"end":{"line":48,"column":22}},"21":{"start":{"line":50,"column":4},"end":{"line":55,"column":5}},"22":{"start":{"line":50,"column":17},"end":{"line":50,"column":18}},"23":{"start":{"line":51,"column":6},"end":{"line":54,"column":7}},"24":{"start":{"line":52,"column":8},"end":{"line":52,"column":24}},"25":{"start":{"line":53,"column":8},"end":{"line":53,"column":14}},"26":{"start":{"line":57,"column":4},"end":{"line":59,"column":5}},"27":{"start":{"line":58,"column":6},"end":{"line":58,"column":23}},"28":{"start":{"line":62,"column":2},"end":{"line":62,"column":16}},"29":{"start":{"line":69,"column":2},"end":{"line":71,"column":3}},"30":{"start":{"line":70,"column":4},"end":{"line":70,"column":14}},"31":{"start":{"line":72,"column":2},"end":{"line":74,"column":3}},"32":{"start":{"line":73,"column":4},"end":{"line":73,"column":17}},"33":{"start":{"line":76,"column":18},"end":{"line":76,"column":20}},"34":{"start":{"line":77,"column":16},"end":{"line":77,"column":35}},"35":{"start":{"line":79,"column":2},"end":{"line":91,"column":3}},"36":{"start":{"line":79,"column":15},"end":{"line":79,"column":16}},"37":{"start":{"line":80,"column":17},"end":{"line":80,"column":25}},"38":{"start":{"line":82,"column":4},"end":{"line":90,"column":5}},"39":{"start":{"line":83,"column":21},"end":{"line":83,"column":71}},"40":{"start":{"line":84,"column":6},"end":{"line":84,"column":47}},"41":{"start":{"line":85,"column":11},"end":{"line":90,"column":5}},"42":{"start":{"line":86,"column":21},"end":{"line":86,"column":71}},"43":{"start":{"line":87,"column":6},"end":{"line":87,"column":47}},"44":{"start":{"line":89,"column":6},"end":{"line":89,"column":24}},"45":{"start":{"line":93,"column":2},"end":{"line":93,"column":19}},"46":{"start":{"line":96,"column":0},"end":{"line":100,"column":2}}},"fnMap":{"0":{"name":"romanoADecimal","decl":{"start":{"line":4,"column":9},"end":{"line":4,"column":23}},"loc":{"start":{"line":4,"column":32},"end":{"line":35,"column":1}},"line":4},"1":{"name":"generarPrimos","decl":{"start":{"line":40,"column":9},"end":{"line":40,"column":22}},"loc":{"start":{"line":40,"column":26},"end":{"line":63,"column":1}},"line":40},"2":{"name":"cifradoCesar","decl":{"start":{"line":68,"column":9},"end":{"line":68,"column":21}},"loc":{"start":{"line":68,"column":45},"end":{"line":94,"column":1}},"line":68}},"branchMap":{"0":{"loc":{"start":{"line":5,"column":2},"end":{"line":7,"column":3}},"type":"if","locations":[{"start":{"line":5,"column":2},"end":{"line":7,"column":3}},{"start":{},"end":{}}],"line":5},"1":{"loc":{"start":{"line":5,"column":6},"end":{"line":5,"column":49}},"type":"binary-expr","locations":[{"start":{"line":5,"column":6},"end":{"line":5,"column":32}},{"start":{"line":5,"column":36},"end":{"line":5,"column":49}}],"line":5},"2":{"loc":{"start":{"line":22,"column":4},"end":{"line":24,"column":5}},"type":"if","locations":[{"start":{"line":22,"column":4},"end":{"line":24,"column":5}},{"start":{},"end":{}}],"line":22},"3":{"loc":{"start":{"line":26,"column":4},"end":{"line":30,"column":5}},"type":"if","locations":[{"start":{"line":26,"column":4},"end":{"line":30,"column":5}},{"start":{"line":28,"column":11},"end":{"line":30,"column":5}}],"line":26},"4":{"loc":{"start":{"line":41,"column":2},"end":{"line":43,"column":3}},"type":"if","locations":[{"start":{"line":41,"column":2},"end":{"line":43,"column":3}},{"start":{},"end":{}}],"line":41},"5":{"loc":{"start":{"line":41,"column":6},"end":{"line":41,"column":36}},"type":"binary-expr","locations":[{"start":{"line":41,"column":6},"end":{"line":41,"column":27}},{"start":{"line":41,"column":31},"end":{"line":41,"column":36}}],"line":41},"6":{"loc":{"start":{"line":51,"column":6},"end":{"line":54,"column":7}},"type":"if","locations":[{"start":{"line":51,"column":6},"end":{"line":54,"column":7}},{"start":{},"end":{}}],"line":51},"7":{"loc":{"start":{"line":57,"column":4},"end":{"line":59,"column":5}},"type":"if","locations":[{"start":{"line":57,"column":4},"end":{"line":59,"column":5}},{"start":{},"end":{}}],"line":57},"8":{"loc":{"start":{"line":69,"column":2},"end":{"line":71,"column":3}},"type":"if","locations":[{"start":{"line":69,"column":2},"end":{"line":71,"column":3}},{"start":{},"end":{}}],"line":69},"9":{"loc":{"start":{"line":72,"column":2},"end":{"line":74,"column":3}},"type":"if","locations":[{"start":{"line":72,"column":2},"end":{"line":74,"column":3}},{"start":{},"end":{}}],"line":72},"10":{"loc":{"start":{"line":82,"column":4},"end":{"line":90,"column":5}},"type":"if","locations":[{"start":{"line":82,"column":4},"end":{"line":90,"column":5}},{"start":{"line":85,"column":11},"end":{"line":90,"column":5}}],"line":82},"11":{"loc":{"start":{"line":82,"column":8},"end":{"line":82,"column":34}},"type":"binary-expr","locations":[{"start":{"line":82,"column":8},"end":{"line":82,"column":19}},{"start":{"line":82,"column":23},"end":{"line":82,"column":34}}],"line":82},"12":{"loc":{"start":{"line":85,"column":11},"end":{"line":90,"column":5}},"type":"if","locations":[{"start":{"line":85,"column":11},"end":{"line":90,"column":5}},{"start":{"line":88,"column":11},"end":{"line":90,"column":5}}],"line":85},"13":{"loc":{"start":{"line":85,"column":15},"end":{"line":85,"column":41}},"type":"binary-expr","locations":[{"start":{"line":85,"column":15},"end":{"line":85,"column":26}},{"start":{"line":85,"column":30},"end":{"line":85,"column":41}}],"line":85}},"s":{"0":8,"1":2,"2":6,"3":6,"4":6,"5":6,"6":6,"7":13,"8":13,"9":1,"10":12,"11":5,"12":7,"13":12,"14":5,"15":6,"16":3,"17":3,"18":3,"19":3,"20":29,"21":29,"22":29,"23":33,"24":16,"25":16,"26":29,"27":13,"28":3,"29":7,"30":1,"31":6,"32":1,"33":5,"34":5,"35":5,"36":5,"37":23,"38":23,"39":16,"40":16,"41":7,"42":5,"43":5,"44":2,"45":5,"46":1},"f":{"0":8,"1":6,"2":7},"b":{"0":[2,6],"1":[8,7],"2":[1,12],"3":[5,7],"4":[3,3],"5":[6,5],"6":[16,17],"7":[13,16],"8":[1,6],"9":[1,5],"10":[16,7],"11":[23,16],"12":[5,2],"13":[7,5]},"_coverageSchema":"1a1c01bbd47fc00a2c39e90264f33305004495a9","hash":"d623d9687b574533d615c728c39acf958db3e076"}
,"/workspaces/basicActionsPrueba/students/s-JuanPabloR/src/level3.js": {"path":"/workspaces/basicActionsPrueba/students/s-JuanPabloR/src/level3.js","statementMap":{"0":{"start":{"line":6,"column":2},"end":{"line":8,"column":3}},"1":{"start":{"line":7,"column":4},"end":{"line":7,"column":14}},"2":{"start":{"line":10,"column":15},"end":{"line":10,"column":16}},"3":{"start":{"line":11,"column":12},"end":{"line":11,"column":28}},"4":{"start":{"line":13,"column":2},"end":{"line":23,"column":3}},"5":{"start":{"line":14,"column":18},"end":{"line":14,"column":48}},"6":{"start":{"line":16,"column":4},"end":{"line":22,"column":5}},"7":{"start":{"line":17,"column":6},"end":{"line":17,"column":19}},"8":{"start":{"line":18,"column":11},"end":{"line":22,"column":5}},"9":{"start":{"line":19,"column":6},"end":{"line":19,"column":25}},"10":{"start":{"line":21,"column":6},"end":{"line":21,"column":22}},"11":{"start":{"line":25,"column":2},"end":{"line":25,"column":12}},"12":{"start":{"line":33,"column":2},"end":{"line":35,"column":3}},"13":{"start":{"line":34,"column":4},"end":{"line":34,"column":17}},"14":{"start":{"line":37,"column":15},"end":{"line":37,"column":17}},"15":{"start":{"line":38,"column":16},"end":{"line":42,"column":3}},"16":{"start":{"line":43,"column":19},"end":{"line":43,"column":34}},"17":{"start":{"line":45,"column":2},"end":{"line":62,"column":3}},"18":{"start":{"line":45,"column":15},"end":{"line":45,"column":16}},"19":{"start":{"line":46,"column":17},"end":{"line":46,"column":25}},"20":{"start":{"line":48,"column":4},"end":{"line":61,"column":5}},"21":{"start":{"line":50,"column":6},"end":{"line":50,"column":22}},"22":{"start":{"line":51,"column":11},"end":{"line":61,"column":5}},"23":{"start":{"line":53,"column":6},"end":{"line":55,"column":7}},"24":{"start":{"line":54,"column":8},"end":{"line":54,"column":21}},"25":{"start":{"line":57,"column":21},"end":{"line":57,"column":31}},"26":{"start":{"line":58,"column":6},"end":{"line":60,"column":7}},"27":{"start":{"line":59,"column":8},"end":{"line":59,"column":21}},"28":{"start":{"line":64,"column":2},"end":{"line":64,"column":27}},"29":{"start":{"line":72,"column":2},"end":{"line":74,"column":3}},"30":{"start":{"line":73,"column":4},"end":{"line":73,"column":14}},"31":{"start":{"line":76,"column":18},"end":{"line":76,"column":20}},"32":{"start":{"line":77,"column":17},"end":{"line":77,"column":18}},"33":{"start":{"line":78,"column":23},"end":{"line":78,"column":31}},"34":{"start":{"line":80,"column":2},"end":{"line":88,"column":3}},"35":{"start":{"line":80,"column":15},"end":{"line":80,"column":16}},"36":{"start":{"line":81,"column":4},"end":{"line":87,"column":5}},"37":{"start":{"line":82,"column":6},"end":{"line":82,"column":17}},"38":{"start":{"line":84,"column":6},"end":{"line":84,"column":45}},"39":{"start":{"line":85,"column":6},"end":{"line":85,"column":32}},"40":{"start":{"line":86,"column":6},"end":{"line":86,"column":19}},"41":{"start":{"line":91,"column":2},"end":{"line":91,"column":41}},"42":{"start":{"line":94,"column":2},"end":{"line":96,"column":3}},"43":{"start":{"line":95,"column":4},"end":{"line":95,"column":17}},"44":{"start":{"line":98,"column":2},"end":{"line":98,"column":19}},"45":{"start":{"line":101,"column":0},"end":{"line":105,"column":2}}},"fnMap":{"0":{"name":"busquedaBinaria","decl":{"start":{"line":5,"column":9},"end":{"line":5,"column":24}},"loc":{"start":{"line":5,"column":42},"end":{"line":26,"column":1}},"line":5},"1":{"name":"validarParentesis","decl":{"start":{"line":32,"column":9},"end":{"line":32,"column":26}},"loc":{"start":{"line":32,"column":34},"end":{"line":65,"column":1}},"line":32},"2":{"name":"comprimirRLE","decl":{"start":{"line":71,"column":9},"end":{"line":71,"column":21}},"loc":{"start":{"line":71,"column":29},"end":{"line":99,"column":1}},"line":71}},"branchMap":{"0":{"loc":{"start":{"line":6,"column":2},"end":{"line":8,"column":3}},"type":"if","locations":[{"start":{"line":6,"column":2},"end":{"line":8,"column":3}},{"start":{},"end":{}}],"line":6},"1":{"loc":{"start":{"line":6,"column":6},"end":{"line":6,"column":49}},"type":"binary-expr","locations":[{"start":{"line":6,"column":6},"end":{"line":6,"column":27}},{"start":{"line":6,"column":31},"end":{"line":6,"column":49}}],"line":6},"2":{"loc":{"start":{"line":16,"column":4},"end":{"line":22,"column":5}},"type":"if","locations":[{"start":{"line":16,"column":4},"end":{"line":22,"column":5}},{"start":{"line":18,"column":11},"end":{"line":22,"column":5}}],"line":16},"3":{"loc":{"start":{"line":18,"column":11},"end":{"line":22,"column":5}},"type":"if","locations":[{"start":{"line":18,"column":11},"end":{"line":22,"column":5}},{"start":{"line":20,"column":11},"end":{"line":22,"column":5}}],"line":18},"4":{"loc":{"start":{"line":33,"column":2},"end":{"line":35,"column":3}},"type":"if","locations":[{"start":{"line":33,"column":2},"end":{"line":35,"column":3}},{"start":{},"end":{}}],"line":33},"5":{"loc":{"start":{"line":48,"column":4},"end":{"line":61,"column":5}},"type":"if","locations":[{"start":{"line":48,"column":4},"end":{"line":61,"column":5}},{"start":{"line":51,"column":11},"end":{"line":61,"column":5}}],"line":48},"6":{"loc":{"start":{"line":51,"column":11},"end":{"line":61,"column":5}},"type":"if","locations":[{"start":{"line":51,"column":11},"end":{"line":61,"column":5}},{"start":{},"end":{}}],"line":51},"7":{"loc":{"start":{"line":53,"column":6},"end":{"line":55,"column":7}},"type":"if","locations":[{"start":{"line":53,"column":6},"end":{"line":55,"column":7}},{"start":{},"end":{}}],"line":53},"8":{"loc":{"start":{"line":58,"column":6},"end":{"line":60,"column":7}},"type":"if","locations":[{"start":{"line":58,"column":6},"end":{"line":60,"column":7}},{"start":{},"end":{}}],"line":58},"9":{"loc":{"start":{"line":72,"column":2},"end":{"line":74,"column":3}},"type":"if","locations":[{"start":{"line":72,"column":2},"end":{"line":74,"column":3}},{"start":{},"end":{}}],"line":72},"10":{"loc":{"start":{"line":72,"column":6},"end":{"line":72,"column":47}},"type":"binary-expr","locations":[{"start":{"line":72,"column":6},"end":{"line":72,"column":31}},{"start":{"line":72,"column":35},"end":{"line":72,"column":47}}],"line":72},"11":{"loc":{"start":{"line":81,"column":4},"end":{"line":87,"column":5}},"type":"if","locations":[{"start":{"line":81,"column":4},"end":{"line":87,"column":5}},{"start":{"line":83,"column":11},"end":{"line":87,"column":5}}],"line":81},"12":{"loc":{"start":{"line":94,"column":2},"end":{"line":96,"column":3}},"type":"if","locations":[{"start":{"line":94,"column":2},"end":{"line":96,"column":3}},{"start":{},"end":{}}],"line":94}},"s":{"0":7,"1":2,"2":5,"3":5,"4":5,"5":10,"6":10,"7":4,"8":6,"9":4,"10":2,"11":1,"12":9,"13":1,"14":8,"15":8,"16":8,"17":8,"18":8,"19":41,"20":41,"21":14,"22":27,"23":12,"24":1,"25":11,"26":11,"27":1,"28":6,"29":8,"30":2,"31":6,"32":6,"33":6,"34":6,"35":6,"36":25,"37":18,"38":7,"39":7,"40":7,"41":6,"42":6,"43":3,"44":3,"45":1},"f":{"0":7,"1":9,"2":8},"b":{"0":[2,5],"1":[7,6],"2":[4,6],"3":[4,2],"4":[1,8],"5":[14,27],"6":[12,15],"7":[1,11],"8":[1,10],"9":[2,6],"10":[8,7],"11":[18,7],"12":[3,3]},"_coverageSchema":"1a1c01bbd47fc00a2c39e90264f33305004495a9","hash":"01a48534a7c88481269c6a5b073faa0178acf5be"}
,"/workspaces/basicActionsPrueba/students/s-juan/src/level1.js": {"path":"/workspaces/basicActionsPrueba/students/s-juan/src/level1.js","statementMap":{"0":{"start":{"line":3,"column":2},"end":{"line":3,"column":74}},"1":{"start":{"line":3,"column":32},"end":{"line":3,"column":74}},"2":{"start":{"line":4,"column":16},"end":{"line":4,"column":54}},"3":{"start":{"line":5,"column":2},"end":{"line":5,"column":54}},"4":{"start":{"line":10,"column":2},"end":{"line":10,"column":70}},"5":{"start":{"line":10,"column":28},"end":{"line":10,"column":70}},"6":{"start":{"line":11,"column":2},"end":{"line":11,"column":41}},"7":{"start":{"line":11,"column":31},"end":{"line":11,"column":36}},"8":{"start":{"line":16,"column":2},"end":{"line":16,"column":74}},"9":{"start":{"line":16,"column":32},"end":{"line":16,"column":74}},"10":{"start":{"line":17,"column":17},"end":{"line":17,"column":40}},"11":{"start":{"line":18,"column":2},"end":{"line":18,"column":36}},"12":{"start":{"line":22,"column":0},"end":{"line":22,"column":57}}},"fnMap":{"0":{"name":"isPalindrome","decl":{"start":{"line":2,"column":9},"end":{"line":2,"column":21}},"loc":{"start":{"line":2,"column":28},"end":{"line":6,"column":1}},"line":2},"1":{"name":"sumArray","decl":{"start":{"line":9,"column":9},"end":{"line":9,"column":17}},"loc":{"start":{"line":9,"column":24},"end":{"line":12,"column":1}},"line":9},"2":{"name":"(anonymous_2)","decl":{"start":{"line":11,"column":21},"end":{"line":11,"column":22}},"loc":{"start":{"line":11,"column":31},"end":{"line":11,"column":36}},"line":11},"3":{"name":"countVowels","decl":{"start":{"line":15,"column":9},"end":{"line":15,"column":20}},"loc":{"start":{"line":15,"column":27},"end":{"line":19,"column":1}},"line":15}},"branchMap":{"0":{"loc":{"start":{"line":3,"column":2},"end":{"line":3,"column":74}},"type":"if","locations":[{"start":{"line":3,"column":2},"end":{"line":3,"column":74}},{"start":{},"end":{}}],"line":3},"1":{"loc":{"start":{"line":10,"column":2},"end":{"line":10,"column":70}},"type":"if","locations":[{"start":{"line":10,"column":2},"end":{"line":10,"column":70}},{"start":{},"end":{}}],"line":10},"2":{"loc":{"start":{"line":16,"column":2},"end":{"line":16,"column":74}},"type":"if","locations":[{"start":{"line":16,"column":2},"end":{"line":16,"column":74}},{"start":{},"end":{}}],"line":16},"3":{"loc":{"start":{"line":18,"column":9},"end":{"line":18,"column":35}},"type":"cond-expr","locations":[{"start":{"line":18,"column":18},"end":{"line":18,"column":31}},{"start":{"line":18,"column":34},"end":{"line":18,"column":35}}],"line":18}},"s":{"0":3,"1":0,"2":3,"3":3,"4":3,"5":1,"6":2,"7":3,"8":3,"9":0,"10":3,"11":3,"12":1},"f":{"0":3,"1":3,"2":3,"3":3},"b":{"0":[0,3],"1":[1,2],"2":[0,3],"3":[2,1]},"_coverageSchema":"1a1c01bbd47fc00a2c39e90264f33305004495a9","hash":"aba0afb97b12433044b7724a0fbc89a0d8cb441a"}
}
