TN:
SF:students/s-JuanPabloR/src/level1.js
FN:4,invertirString
FN:18,calcularPromedio
FN:32,contarPalabras
FNF:3
FNH:3
FNDA:6,invertirString
FNDA:6,calcularPromedio
FNDA:6,contarPalabras
DA:5,6
DA:6,2
DA:8,4
DA:9,4
DA:10,19
DA:12,4
DA:19,6
DA:20,3
DA:22,3
DA:23,3
DA:24,9
DA:26,3
DA:33,6
DA:34,3
DA:36,3
DA:37,3
DA:40,1
LF:17
LH:17
BRDA:5,0,0,2
BRDA:5,0,1,4
BRDA:19,1,0,3
BRDA:19,1,1,3
BRDA:19,2,0,6
BRDA:19,2,1,4
BRDA:33,3,0,3
BRDA:33,3,1,3
BRDA:33,4,0,6
BRDA:33,4,1,5
BRF:10
BRH:10
end_of_record
TN:
SF:students/s-JuanPabloR/src/level2.js
FN:4,romanoADecimal
FN:40,generarPrimos
FN:68,cifradoCesar
FNF:3
FNH:3
FNDA:8,romanoADecimal
FNDA:6,generarPrimos
FNDA:7,cifradoCesar
DA:5,8
DA:6,2
DA:9,6
DA:17,6
DA:18,6
DA:20,6
DA:21,13
DA:22,13
DA:23,1
DA:26,12
DA:27,5
DA:29,7
DA:31,12
DA:34,5
DA:41,6
DA:42,3
DA:45,3
DA:47,3
DA:48,29
DA:50,29
DA:51,33
DA:52,16
DA:53,16
DA:57,29
DA:58,13
DA:62,3
DA:69,7
DA:70,1
DA:72,6
DA:73,1
DA:76,5
DA:77,5
DA:79,5
DA:80,23
DA:82,23
DA:83,16
DA:84,16
DA:85,7
DA:86,5
DA:87,5
DA:89,2
DA:93,5
DA:96,1
LF:43
LH:43
BRDA:5,0,0,2
BRDA:5,0,1,6
BRDA:5,1,0,8
BRDA:5,1,1,7
BRDA:22,2,0,1
BRDA:22,2,1,12
BRDA:26,3,0,5
BRDA:26,3,1,7
BRDA:41,4,0,3
BRDA:41,4,1,3
BRDA:41,5,0,6
BRDA:41,5,1,5
BRDA:51,6,0,16
BRDA:51,6,1,17
BRDA:57,7,0,13
BRDA:57,7,1,16
BRDA:69,8,0,1
BRDA:69,8,1,6
BRDA:72,9,0,1
BRDA:72,9,1,5
BRDA:82,10,0,16
BRDA:82,10,1,7
BRDA:82,11,0,23
BRDA:82,11,1,16
BRDA:85,12,0,5
BRDA:85,12,1,2
BRDA:85,13,0,7
BRDA:85,13,1,5
BRF:28
BRH:28
end_of_record
TN:
SF:students/s-JuanPabloR/src/level3.js
FN:5,busquedaBinaria
FN:32,validarParentesis
FN:71,comprimirRLE
FNF:3
FNH:3
FNDA:7,busquedaBinaria
FNDA:9,validarParentesis
FNDA:8,comprimirRLE
DA:6,7
DA:7,2
DA:10,5
DA:11,5
DA:13,5
DA:14,10
DA:16,10
DA:17,4
DA:18,6
DA:19,4
DA:21,2
DA:25,1
DA:33,9
DA:34,1
DA:37,8
DA:38,8
DA:43,8
DA:45,8
DA:46,41
DA:48,41
DA:50,14
DA:51,27
DA:53,12
DA:54,1
DA:57,11
DA:58,11
DA:59,1
DA:64,6
DA:72,8
DA:73,2
DA:76,6
DA:77,6
DA:78,6
DA:80,6
DA:81,25
DA:82,18
DA:84,7
DA:85,7
DA:86,7
DA:91,6
DA:94,6
DA:95,3
DA:98,3
DA:101,1
LF:44
LH:44
BRDA:6,0,0,2
BRDA:6,0,1,5
BRDA:6,1,0,7
BRDA:6,1,1,6
BRDA:16,2,0,4
BRDA:16,2,1,6
BRDA:18,3,0,4
BRDA:18,3,1,2
BRDA:33,4,0,1
BRDA:33,4,1,8
BRDA:48,5,0,14
BRDA:48,5,1,27
BRDA:51,6,0,12
BRDA:51,6,1,15
BRDA:53,7,0,1
BRDA:53,7,1,11
BRDA:58,8,0,1
BRDA:58,8,1,10
BRDA:72,9,0,2
BRDA:72,9,1,6
BRDA:72,10,0,8
BRDA:72,10,1,7
BRDA:81,11,0,18
BRDA:81,11,1,7
BRDA:94,12,0,3
BRDA:94,12,1,3
BRF:26
BRH:26
end_of_record
TN:
SF:students/s-juan/src/level1.js
FN:2,isPalindrome
FN:9,sumArray
FN:11,(anonymous_2)
FN:15,countVowels
FNF:4
FNH:4
FNDA:3,isPalindrome
FNDA:3,sumArray
FNDA:3,(anonymous_2)
FNDA:3,countVowels
DA:3,3
DA:4,3
DA:5,3
DA:10,3
DA:11,3
DA:16,3
DA:17,3
DA:18,3
DA:22,1
LF:9
LH:9
BRDA:3,0,0,0
BRDA:3,0,1,3
BRDA:10,1,0,1
BRDA:10,1,1,2
BRDA:16,2,0,0
BRDA:16,2,1,3
BRDA:18,3,0,2
BRDA:18,3,1,1
BRF:8
BRH:6
end_of_record
